已經開始建置於 2017/10/19 下午 01:55:38。
     1>節點 2 (Rebuild 目標) 上的專案 "C:\Program Files\V-REP3\V-REP_PRO_EDU\programming\NTU_Opc_v1\NTU_robot_lib_v1\NTU_robot_lib_v1.vcxproj"。
     1>ClCompile:
         C:\Program Files (x86)\Microsoft Visual Studio 12.0\VC\bin\x86_amd64\CL.exe /c /I..\..\externalIK /I..\..\remoteApi /I..\3rdParty /I..\3rdParty\newmat /I..\..\include /Zi /nologo /W3 /WX- /sdl /Od /Oi /GL /D _WIN32 /D WIN32 /D _NONDEBUG /D _CONSOLE /D MAX_EXT_API_CONNECTIONS=255 /D NON_MATLAB_PARSING /D _CRT_SECURE_NO_WARNINGS /D _MBCS /Gm- /EHsc /MD /GS /Gy /fp:precise /Zc:wchar_t /Zc:forScope /Fo"x64\Release\\" /Fd"x64\Release\vc120.pdb" /Gd /TC /errorReport:prompt ..\..\remoteApi\extApi.c ..\..\remoteApi\extApiPlatform.c
         extApi.c
         extApiPlatform.c
         Adding library: Winmm.lib
         Adding library: Ws2_32.lib
         C:\Program Files (x86)\Microsoft Visual Studio 12.0\VC\bin\x86_amd64\CL.exe /c /I..\..\externalIK /I..\..\remoteApi /I..\3rdParty /I..\3rdParty\newmat /I..\..\include /Zi /nologo /W3 /WX- /sdl /Od /Oi /GL /D _WIN32 /D WIN32 /D _NONDEBUG /D _CONSOLE /D MAX_EXT_API_CONNECTIONS=255 /D NON_MATLAB_PARSING /D _CRT_SECURE_NO_WARNINGS /D _MBCS /Gm- /EHsc /MD /GS /Gy /fp:precise /Zc:wchar_t /Zc:forScope /Fo"x64\Release\\" /Fd"x64\Release\vc120.pdb" /Gd /TP /errorReport:prompt test_v0.cpp
         test_v0.cpp
       Link:
         C:\Program Files (x86)\Microsoft Visual Studio 12.0\VC\bin\x86_amd64\link.exe /ERRORREPORT:PROMPT /OUT:"C:\Program Files\V-REP3\V-REP_PRO_EDU\NTU_robot_lib_v1.exe" /NOLOGO /MANIFEST /MANIFESTUAC:"level='asInvoker' uiAccess='false'" /manifest:embed /PDB:"C:\Program Files\V-REP3\V-REP_PRO_EDU\NTU_robot_lib_v1.pdb" /OPT:REF /OPT:ICF /LTCG /TLBID:1 /DYNAMICBASE /NXCOMPAT /IMPLIB:"C:\Program Files\V-REP3\V-REP_PRO_EDU\NTU_robot_lib_v1.lib" /MACHINE:X64 /debug x64\Release\extApi.obj
         x64\Release\extApiPlatform.obj
         x64\Release\test_v0.obj
         "C:\Program Files\V-REP3\V-REP_PRO_EDU\programming\NTU_Opc_v1\newmat\Release\bandmat.obj"
         "C:\Program Files\V-REP3\V-REP_PRO_EDU\programming\NTU_Opc_v1\newmat\Release\cholesky.obj"
         "C:\Program Files\V-REP3\V-REP_PRO_EDU\programming\NTU_Opc_v1\newmat\Release\evalue.obj"
         "C:\Program Files\V-REP3\V-REP_PRO_EDU\programming\NTU_Opc_v1\newmat\Release\fft.obj"
         "C:\Program Files\V-REP3\V-REP_PRO_EDU\programming\NTU_Opc_v1\newmat\Release\hholder.obj"
         "C:\Program Files\V-REP3\V-REP_PRO_EDU\programming\NTU_Opc_v1\newmat\Release\jacobi.obj"
         "C:\Program Files\V-REP3\V-REP_PRO_EDU\programming\NTU_Opc_v1\newmat\Release\myexcept.obj"
         "C:\Program Files\V-REP3\V-REP_PRO_EDU\programming\NTU_Opc_v1\newmat\Release\newfft.obj"
         "C:\Program Files\V-REP3\V-REP_PRO_EDU\programming\NTU_Opc_v1\newmat\Release\newmat1.obj"
         "C:\Program Files\V-REP3\V-REP_PRO_EDU\programming\NTU_Opc_v1\newmat\Release\newmat2.obj"
         "C:\Program Files\V-REP3\V-REP_PRO_EDU\programming\NTU_Opc_v1\newmat\Release\newmat3.obj"
         "C:\Program Files\V-REP3\V-REP_PRO_EDU\programming\NTU_Opc_v1\newmat\Release\newmat4.obj"
         "C:\Program Files\V-REP3\V-REP_PRO_EDU\programming\NTU_Opc_v1\newmat\Release\newmat5.obj"
         "C:\Program Files\V-REP3\V-REP_PRO_EDU\programming\NTU_Opc_v1\newmat\Release\newmat6.obj"
         "C:\Program Files\V-REP3\V-REP_PRO_EDU\programming\NTU_Opc_v1\newmat\Release\newmat7.obj"
         "C:\Program Files\V-REP3\V-REP_PRO_EDU\programming\NTU_Opc_v1\newmat\Release\newmat8.obj"
         "C:\Program Files\V-REP3\V-REP_PRO_EDU\programming\NTU_Opc_v1\newmat\Release\newmat9.obj"
         "C:\Program Files\V-REP3\V-REP_PRO_EDU\programming\NTU_Opc_v1\newmat\Release\newmatex.obj"
         "C:\Program Files\V-REP3\V-REP_PRO_EDU\programming\NTU_Opc_v1\newmat\Release\newmatnl.obj"
         "C:\Program Files\V-REP3\V-REP_PRO_EDU\programming\NTU_Opc_v1\newmat\Release\newmatrm.obj"
         "C:\Program Files\V-REP3\V-REP_PRO_EDU\programming\NTU_Opc_v1\newmat\Release\nm_misc.obj"
         "C:\Program Files\V-REP3\V-REP_PRO_EDU\programming\NTU_Opc_v1\newmat\Release\solution.obj"
         "C:\Program Files\V-REP3\V-REP_PRO_EDU\programming\NTU_Opc_v1\newmat\Release\sort.obj"
         "C:\Program Files\V-REP3\V-REP_PRO_EDU\programming\NTU_Opc_v1\newmat\Release\submat.obj"
         "C:\Program Files\V-REP3\V-REP_PRO_EDU\programming\NTU_Opc_v1\newmat\Release\svd.obj"
         "C:\Program Files\V-REP3\V-REP_PRO_EDU\programming\NTU_Opc_v1\roboop\Release\clik.obj"
         "C:\Program Files\V-REP3\V-REP_PRO_EDU\programming\NTU_Opc_v1\roboop\Release\comp_dq.obj"
         "C:\Program Files\V-REP3\V-REP_PRO_EDU\programming\NTU_Opc_v1\roboop\Release\comp_dqp.obj"
         "C:\Program Files\V-REP3\V-REP_PRO_EDU\programming\NTU_Opc_v1\roboop\Release\config.obj"
         "C:\Program Files\V-REP3\V-REP_PRO_EDU\programming\NTU_Opc_v1\roboop\Release\controller.obj"
         "C:\Program Files\V-REP3\V-REP_PRO_EDU\programming\NTU_Opc_v1\roboop\Release\control_select.obj"
         "C:\Program Files\V-REP3\V-REP_PRO_EDU\programming\NTU_Opc_v1\roboop\Release\delta_t.obj"
         "C:\Program Files\V-REP3\V-REP_PRO_EDU\programming\NTU_Opc_v1\roboop\Release\dynamics.obj"
         "C:\Program Files\V-REP3\V-REP_PRO_EDU\programming\NTU_Opc_v1\roboop\Release\dynamics_sim.obj"
         "C:\Program Files\V-REP3\V-REP_PRO_EDU\programming\NTU_Opc_v1\roboop\Release\homogen.obj"
         "C:\Program Files\V-REP3\V-REP_PRO_EDU\programming\NTU_Opc_v1\roboop\Release\invkine.obj"
         "C:\Program Files\V-REP3\V-REP_PRO_EDU\programming\NTU_Opc_v1\roboop\Release\IOfile.obj"
         "C:\Program Files\V-REP3\V-REP_PRO_EDU\programming\NTU_Opc_v1\roboop\Release\kinemat.obj"
         "C:\Program Files\V-REP3\V-REP_PRO_EDU\programming\NTU_Opc_v1\roboop\Release\quaternion.obj"
         "C:\Program Files\V-REP3\V-REP_PRO_EDU\programming\NTU_Opc_v1\roboop\Release\robot.obj"
         "C:\Program Files\V-REP3\V-REP_PRO_EDU\programming\NTU_Opc_v1\roboop\Release\trajectory.obj"
         "C:\Program Files\V-REP3\V-REP_PRO_EDU\programming\NTU_Opc_v1\roboop\Release\utils.obj"
            正在建立程式庫 C:\Program Files\V-REP3\V-REP_PRO_EDU\NTU_robot_lib_v1.lib 和物件 C:\Program Files\V-REP3\V-REP_PRO_EDU\NTU_robot_lib_v1.exp
         正在產生程式碼
         已完成程式碼產生
         NTU_robot_lib_v1.vcxproj -> C:\Program Files\V-REP3\V-REP_PRO_EDU\NTU_robot_lib_v1.exe
     1>專案 "C:\Program Files\V-REP3\V-REP_PRO_EDU\programming\NTU_Opc_v1\NTU_robot_lib_v1\NTU_robot_lib_v1.vcxproj" (Rebuild 目標) 建置完成。

建置成功。

經過時間 00:00:02.02
