c:\program files\v-rep3\v-rep_pro_edu\programming\ntu_opc_v1\newmat\release\vc120.pdb
c:\program files\v-rep3\v-rep_pro_edu\programming\ntu_opc_v1\newmat\release\newmatrm.obj
c:\program files\v-rep3\v-rep_pro_edu\programming\ntu_opc_v1\newmat\release\newmatnl.obj
c:\program files\v-rep3\v-rep_pro_edu\programming\ntu_opc_v1\newmat\release\newmatex.obj
c:\program files\v-rep3\v-rep_pro_edu\programming\ntu_opc_v1\newmat\release\newmat9.obj
c:\program files\v-rep3\v-rep_pro_edu\programming\ntu_opc_v1\newmat\release\newmat8.obj
c:\program files\v-rep3\v-rep_pro_edu\programming\ntu_opc_v1\newmat\release\newmat7.obj
c:\program files\v-rep3\v-rep_pro_edu\programming\ntu_opc_v1\newmat\release\newmat6.obj
c:\program files\v-rep3\v-rep_pro_edu\programming\ntu_opc_v1\newmat\release\newmat5.obj
c:\program files\v-rep3\v-rep_pro_edu\programming\ntu_opc_v1\newmat\release\newmat4.obj
c:\program files\v-rep3\v-rep_pro_edu\programming\ntu_opc_v1\newmat\release\newmat3.obj
c:\program files\v-rep3\v-rep_pro_edu\programming\ntu_opc_v1\newmat\release\newmat2.obj
c:\program files\v-rep3\v-rep_pro_edu\programming\ntu_opc_v1\newmat\release\newmat1.obj
c:\program files\v-rep3\v-rep_pro_edu\programming\ntu_opc_v1\newmat\release\newfft.obj
c:\program files\v-rep3\v-rep_pro_edu\programming\ntu_opc_v1\newmat\release\myexcept.obj
c:\program files\v-rep3\v-rep_pro_edu\programming\ntu_opc_v1\newmat\release\jacobi.obj
c:\program files\v-rep3\v-rep_pro_edu\programming\ntu_opc_v1\newmat\release\hholder.obj
c:\program files\v-rep3\v-rep_pro_edu\programming\ntu_opc_v1\newmat\release\fft.obj
c:\program files\v-rep3\v-rep_pro_edu\programming\ntu_opc_v1\newmat\release\evalue.obj
c:\program files\v-rep3\v-rep_pro_edu\programming\ntu_opc_v1\newmat\release\cholesky.obj
c:\program files\v-rep3\v-rep_pro_edu\programming\ntu_opc_v1\newmat\release\bandmat.obj
c:\program files\v-rep3\v-rep_pro_edu\programming\ntu_opc_v1\newmat\release\svd.obj
c:\program files\v-rep3\v-rep_pro_edu\programming\ntu_opc_v1\newmat\release\submat.obj
c:\program files\v-rep3\v-rep_pro_edu\programming\ntu_opc_v1\newmat\release\sort.obj
c:\program files\v-rep3\v-rep_pro_edu\programming\ntu_opc_v1\newmat\release\solution.obj
c:\program files\v-rep3\v-rep_pro_edu\programming\ntu_opc_v1\newmat\release\nm_misc.obj
c:\program files\v-rep3\v-rep_pro_edu\programming\ntu_opc_v1\newmat\release\newmat.lib
c:\program files\v-rep3\v-rep_pro_edu\programming\ntu_opc_v1\newmat\.\release\newmat.lib
c:\program files\v-rep3\v-rep_pro_edu\programming\ntu_opc_v1\newmat\release\newmat.tlog\cl.command.1.tlog
c:\program files\v-rep3\v-rep_pro_edu\programming\ntu_opc_v1\newmat\release\newmat.tlog\cl.read.1.tlog
c:\program files\v-rep3\v-rep_pro_edu\programming\ntu_opc_v1\newmat\release\newmat.tlog\cl.write.1.tlog
c:\program files\v-rep3\v-rep_pro_edu\programming\ntu_opc_v1\newmat\release\newmat.tlog\lib-link.read.1.tlog
c:\program files\v-rep3\v-rep_pro_edu\programming\ntu_opc_v1\newmat\release\newmat.tlog\lib-link.write.1.tlog
c:\program files\v-rep3\v-rep_pro_edu\programming\ntu_opc_v1\newmat\release\newmat.tlog\lib.command.1.tlog
