已經開始建置於 2017/10/6 上午 08:51:05。
     1>節點 2 (Rebuild 目標) 上的專案 "C:\Program Files\V-REP3\V-REP_PRO_EDU\programming\NTU_robot_lib_v1\newmat\newmat.vcxproj"。
     1>ClCompile:
         C:\Program Files (x86)\Microsoft Visual Studio 12.0\VC\bin\CL.exe /c /I..\3rdParty\newmat /Zi /nologo /W3 /WX- /O2 /Ob1 /Oy- /D NDEBUG /D WIN32 /D _LIB /D _MBCS /Gm- /EHsc /MD /GS /Gy /fp:precise /Zc:wchar_t /Zc:forScope /Fo".\Release/" /Fd".\Release/vc120.pdb" /Gd /TP /analyze- /errorReport:prompt ..\3rdParty\newmat\bandmat.cpp ..\3rdParty\newmat\cholesky.cpp ..\3rdParty\newmat\evalue.cpp ..\3rdParty\newmat\fft.cpp ..\3rdParty\newmat\hholder.cpp ..\3rdParty\newmat\jacobi.cpp ..\3rdParty\newmat\myexcept.cpp ..\3rdParty\newmat\newfft.cpp ..\3rdParty\newmat\newmat1.cpp ..\3rdParty\newmat\newmat2.cpp ..\3rdParty\newmat\newmat3.cpp ..\3rdParty\newmat\newmat4.cpp ..\3rdParty\newmat\newmat5.cpp ..\3rdParty\newmat\newmat6.cpp ..\3rdParty\newmat\newmat7.cpp ..\3rdParty\newmat\newmat8.cpp ..\3rdParty\newmat\newmat9.cpp ..\3rdParty\newmat\newmatex.cpp ..\3rdParty\newmat\newmatnl.cpp ..\3rdParty\newmat\newmatrm.cpp ..\3rdParty\newmat\nm_misc.cpp ..\3rdParty\newmat\solution.cpp ..\3rdParty\newmat\sort.cpp ..\3rdParty\newmat\submat.cpp ..\3rdParty\newmat\svd.cpp
         bandmat.cpp
         cholesky.cpp
         evalue.cpp
         fft.cpp
         hholder.cpp
         jacobi.cpp
         myexcept.cpp
     1>..\3rdParty\newmat\myexcept.cpp(78): warning C4996: 'strcpy': This function or variable may be unsafe. Consider using strcpy_s instead. To disable deprecation, use _CRT_SECURE_NO_WARNINGS. See online help for details.
                 C:\Program Files (x86)\Microsoft Visual Studio 12.0\VC\include\string.h(112) : 請參閱 'strcpy' 的宣告
     1>..\3rdParty\newmat\myexcept.cpp(81): warning C4996: 'strncpy': This function or variable may be unsafe. Consider using strncpy_s instead. To disable deprecation, use _CRT_SECURE_NO_WARNINGS. See online help for details.
                 C:\Program Files (x86)\Microsoft Visual Studio 12.0\VC\include\string.h(195) : 請參閱 'strncpy' 的宣告
         newfft.cpp
         newmat1.cpp
         newmat2.cpp
         newmat3.cpp
         newmat4.cpp
         newmat5.cpp
         newmat6.cpp
         newmat7.cpp
         newmat8.cpp
         newmat9.cpp
     1>..\3rdParty\newmat\newmat9.cpp(45): warning C4244: '正在初始化' : 將 'std::streamsize' 轉換為 'int'，由於類型不同，可能導致資料遺失
         newmatex.cpp
         newmatnl.cpp
         newmatrm.cpp
         正在產生程式碼...
         正在編譯...
         nm_misc.cpp
         solution.cpp
         sort.cpp
         submat.cpp
         svd.cpp
         正在產生程式碼...
       Lib:
         C:\Program Files (x86)\Microsoft Visual Studio 12.0\VC\bin\Lib.exe /OUT:".\Release\newmat.lib" /NOLOGO .\Release/bandmat.obj
         .\Release/cholesky.obj
         .\Release/evalue.obj
         .\Release/fft.obj
         .\Release/hholder.obj
         .\Release/jacobi.obj
         .\Release/myexcept.obj
         .\Release/newfft.obj
         .\Release/newmat1.obj
         .\Release/newmat2.obj
         .\Release/newmat3.obj
         .\Release/newmat4.obj
         .\Release/newmat5.obj
         .\Release/newmat6.obj
         .\Release/newmat7.obj
         .\Release/newmat8.obj
         .\Release/newmat9.obj
         .\Release/newmatex.obj
         .\Release/newmatnl.obj
         .\Release/newmatrm.obj
         .\Release/nm_misc.obj
         .\Release/solution.obj
         .\Release/sort.obj
         .\Release/submat.obj
         .\Release/svd.obj
         newmat.vcxproj -> C:\Program Files\V-REP3\V-REP_PRO_EDU\programming\NTU_robot_lib_v1\newmat\.\Release\newmat.lib
     1>專案 "C:\Program Files\V-REP3\V-REP_PRO_EDU\programming\NTU_robot_lib_v1\newmat\newmat.vcxproj" (Rebuild 目標) 建置完成。

建置成功。

經過時間 00:00:05.68
