c:\users\kang\desktop\ntu_robot_lib_v1\roboop\release\vc120.pdb
c:\program files\v-rep3\v-rep_pro_edu\programming\ntu_robot_lib_v1\roboop\release\vc120.pdb
c:\program files\v-rep3\v-rep_pro_edu\programming\ntu_robot_lib_v1\roboop\release\utils.obj
c:\program files\v-rep3\v-rep_pro_edu\programming\ntu_robot_lib_v1\roboop\release\trajectory.obj
c:\program files\v-rep3\v-rep_pro_edu\programming\ntu_robot_lib_v1\roboop\release\robot.obj
c:\program files\v-rep3\v-rep_pro_edu\programming\ntu_robot_lib_v1\roboop\release\quaternion.obj
c:\program files\v-rep3\v-rep_pro_edu\programming\ntu_robot_lib_v1\roboop\release\kinemat.obj
c:\program files\v-rep3\v-rep_pro_edu\programming\ntu_robot_lib_v1\roboop\release\iofile.obj
c:\program files\v-rep3\v-rep_pro_edu\programming\ntu_robot_lib_v1\roboop\release\invkine.obj
c:\program files\v-rep3\v-rep_pro_edu\programming\ntu_robot_lib_v1\roboop\release\homogen.obj
c:\program files\v-rep3\v-rep_pro_edu\programming\ntu_robot_lib_v1\roboop\release\dynamics_sim.obj
c:\program files\v-rep3\v-rep_pro_edu\programming\ntu_robot_lib_v1\roboop\release\dynamics.obj
c:\program files\v-rep3\v-rep_pro_edu\programming\ntu_robot_lib_v1\roboop\release\delta_t.obj
c:\program files\v-rep3\v-rep_pro_edu\programming\ntu_robot_lib_v1\roboop\release\control_select.obj
c:\program files\v-rep3\v-rep_pro_edu\programming\ntu_robot_lib_v1\roboop\release\controller.obj
c:\program files\v-rep3\v-rep_pro_edu\programming\ntu_robot_lib_v1\roboop\release\config.obj
c:\program files\v-rep3\v-rep_pro_edu\programming\ntu_robot_lib_v1\roboop\release\comp_dqp.obj
c:\program files\v-rep3\v-rep_pro_edu\programming\ntu_robot_lib_v1\roboop\release\comp_dq.obj
c:\program files\v-rep3\v-rep_pro_edu\programming\ntu_robot_lib_v1\roboop\release\clik.obj
c:\users\kang\desktop\ntu_robot_lib_v1\roboop\release\roboop.lib
c:\program files\v-rep3\v-rep_pro_edu\programming\ntu_robot_lib_v1\roboop\release\roboop.lib
c:\program files\v-rep3\v-rep_pro_edu\programming\ntu_robot_lib_v1\roboop\release\roboop.pdb
c:\program files\v-rep3\v-rep_pro_edu\programming\ntu_robot_lib_v1\roboop\.\release\roboop.lib
c:\program files\v-rep3\v-rep_pro_edu\programming\ntu_robot_lib_v1\roboop\release\roboop.tlog\cl.command.1.tlog
c:\program files\v-rep3\v-rep_pro_edu\programming\ntu_robot_lib_v1\roboop\release\roboop.tlog\cl.read.1.tlog
c:\program files\v-rep3\v-rep_pro_edu\programming\ntu_robot_lib_v1\roboop\release\roboop.tlog\cl.write.1.tlog
c:\program files\v-rep3\v-rep_pro_edu\programming\ntu_robot_lib_v1\roboop\release\roboop.tlog\lib-link.read.1.tlog
c:\program files\v-rep3\v-rep_pro_edu\programming\ntu_robot_lib_v1\roboop\release\roboop.tlog\lib-link.write.1.tlog
c:\program files\v-rep3\v-rep_pro_edu\programming\ntu_robot_lib_v1\roboop\release\roboop.tlog\lib.command.1.tlog
